[0m22:23:46.914031 [debug] [MainThread]: Sending event: {'category': 'dbt', 'action': 'invocation', 'label': 'start', 'context': [<snowplow_tracker.self_describing_json.SelfDescribingJson object at 0x0000023E03FE33B0>, <snowplow_tracker.self_describing_json.SelfDescribingJson object at 0x0000023E03FE3350>, <snowplow_tracker.self_describing_json.SelfDescribingJson object at 0x0000023E03FE2330>]}


============================== 22:23:46.932995 | 756f8509-df1b-4166-a16b-a6720d0fadad ==============================
[0m22:23:46.932995 [info ] [MainThread]: Running with dbt=1.8.4
[0m22:23:46.932995 [debug] [MainThread]: running dbt with arguments {'printer_width': '80', 'indirect_selection': 'eager', 'log_cache_events': 'False', 'write_json': 'True', 'partial_parse': 'True', 'cache_selected_only': 'False', 'warn_error': 'None', 'fail_fast': 'False', 'profiles_dir': 'C:\\Users\\fanso\\.dbt', 'log_path': 'logs', 'debug': 'False', 'version_check': 'True', 'use_colors': 'True', 'use_experimental_parser': 'False', 'empty': 'None', 'quiet': 'False', 'no_print': 'None', 'log_format': 'default', 'introspect': 'True', 'invocation_command': 'dbt init', 'warn_error_options': 'WarnErrorOptions(include=[], exclude=[])', 'target_path': 'None', 'static_parser': 'True', 'send_anonymous_usage_stats': 'True'}
[0m22:23:46.980445 [warn ] [MainThread]: [ConfigFolderDirectory]: Unable to parse dict {'dir': WindowsPath('C:/Users/fanso/.dbt')}
[0m22:23:46.981448 [info ] [MainThread]: Creating dbt configuration folder at 
[0m22:24:04.315807 [debug] [MainThread]: Starter project path: C:\projetos\dbt-aovivo\.venv\Lib\site-packages\dbt\include\starter_project
[0m22:24:04.325890 [info ] [MainThread]: 
Your new dbt project "projetoaovivo" was created!

For more information on how to configure the profiles.yml file,
please consult the dbt documentation here:

  https://docs.getdbt.com/docs/configure-your-profile

One more thing:

Need help? Don't hesitate to reach out to us via GitHub issues or on Slack:

  https://community.getdbt.com/

Happy modeling!

[0m22:24:04.326891 [info ] [MainThread]: Setting up your profile.
[0m22:44:21.599065 [info ] [MainThread]: Profile projetoaovivo written to C:\Users\fanso\.dbt\profiles.yml using target's profile_template.yml and your supplied values. Run 'dbt debug' to validate the connection.
[0m22:44:21.601067 [debug] [MainThread]: Command `dbt init` succeeded at 22:44:21.601067 after 1234.80 seconds
[0m22:44:21.602048 [debug] [MainThread]: Sending event: {'category': 'dbt', 'action': 'invocation', 'label': 'end', 'context': [<snowplow_tracker.self_describing_json.SelfDescribingJson object at 0x0000023E02945940>, <snowplow_tracker.self_describing_json.SelfDescribingJson object at 0x0000023E0247A1B0>, <snowplow_tracker.self_describing_json.SelfDescribingJson object at 0x0000023E03D7B8F0>]}
[0m22:44:21.602048 [debug] [MainThread]: Flushing usage events
